[ 2014-11-23T20:36:40+08:00 ] 127.0.0.1 /install.php
INFO: [ app_begin ] --START--
INFO: ReadHtmlCache Behavior ::run [ RunTime:0.057081s ]
INFO: [ app_begin ] --END-- [ RunTime:0.075149s ]
INFO: [ view_parse ] --START--
INFO: ParseTemplate Behavior ::run [ RunTime:0.384258s ]
INFO: [ view_parse ] --END-- [ RunTime:0.384468s ]
INFO: [ view_filter ] --START--
INFO: ContentReplace Behavior ::run [ RunTime:0.023772s ]
INFO: TokenBuild Behavior ::run [ RunTime:0.074355s ]
INFO: WriteHtmlCache Behavior ::run [ RunTime:0.044149s ]
INFO: ShowRuntime Behavior ::run [ RunTime:0.050403s ]
INFO: [ view_filter ] --END-- [ RunTime:0.193215s ]
INFO: [ view_end ] --START--
INFO: ShowPageTrace Behavior ::run [ RunTime:0.053887s ]
INFO: [ view_end ] --END-- [ RunTime:0.054069s ]

[ 2014-11-23T20:40:11+08:00 ] 127.0.0.1 /install.php?m=index&a=index
INFO: [ app_begin ] --START--
INFO: ReadHtmlCache Behavior ::run [ RunTime:0.004588s ]
INFO: [ app_begin ] --END-- [ RunTime:0.004779s ]
NOTIC: 建议使用I方法替代_post

[ 2014-11-23T20:40:12+08:00 ] 127.0.0.1 /install.php?m=index&a=check
INFO: [ app_begin ] --START--
INFO: ReadHtmlCache Behavior ::run [ RunTime:0.004696s ]
INFO: [ app_begin ] --END-- [ RunTime:0.004874s ]
NOTIC: [2] Missing argument 1 for Dir::__construct(), called in D:\web\58bigou\install\Lib\Action\indexAction.class.php on line 71 and defined D:\web\58bigou\install\Lib\ORG\Dir.class.php 第 37 行.
NOTIC: [8] Undefined variable: path D:\web\58bigou\install\Lib\ORG\Dir.class.php 第 39 行.
NOTIC: [8] Undefined variable: path D:\web\58bigou\install\Lib\ORG\Dir.class.php 第 39 行.

[ 2014-11-23T20:40:12+08:00 ] 127.0.0.1 /install.php?m=index&a=setconf
INFO: [ app_begin ] --START--
INFO: ReadHtmlCache Behavior ::run [ RunTime:0.005849s ]
INFO: [ app_begin ] --END-- [ RunTime:0.006152s ]
INFO: [ view_parse ] --START--
INFO: ParseTemplate Behavior ::run [ RunTime:0.095528s ]
INFO: [ view_parse ] --END-- [ RunTime:0.095762s ]
INFO: [ view_filter ] --START--
INFO: ContentReplace Behavior ::run [ RunTime:0.004742s ]
INFO: TokenBuild Behavior ::run [ RunTime:0.004607s ]
INFO: WriteHtmlCache Behavior ::run [ RunTime:0.004383s ]
INFO: ShowRuntime Behavior ::run [ RunTime:0.004733s ]
INFO: [ view_filter ] --END-- [ RunTime:0.018958s ]
INFO: [ view_end ] --START--
INFO: ShowPageTrace Behavior ::run [ RunTime:0.004423s ]
INFO: [ view_end ] --END-- [ RunTime:0.004559s ]

[ 2014-11-23T20:40:23+08:00 ] 127.0.0.1 /install.php?m=index&a=setconf
INFO: [ app_begin ] --START--
INFO: ReadHtmlCache Behavior ::run [ RunTime:0.005619s ]
INFO: [ app_begin ] --END-- [ RunTime:0.005912s ]
INFO: [ view_parse ] --START--
NOTIC: [8] Undefined variable: database_name_tip D:\web\58bigou\install\Runtime\Cache\99a4c0c29e7fe01b54da88607d456887.php 第 43 行.
INFO: ParseTemplate Behavior ::run [ RunTime:0.093014s ]
INFO: [ view_parse ] --END-- [ RunTime:0.093274s ]
INFO: [ view_filter ] --START--
INFO: ContentReplace Behavior ::run [ RunTime:0.007093s ]
INFO: TokenBuild Behavior ::run [ RunTime:0.008353s ]
INFO: WriteHtmlCache Behavior ::run [ RunTime:0.006559s ]
INFO: ShowRuntime Behavior ::run [ RunTime:0.006839s ]
INFO: [ view_filter ] --END-- [ RunTime:0.029649s ]
INFO: [ view_end ] --START--
INFO: ShowPageTrace Behavior ::run [ RunTime:0.006700s ]
INFO: [ view_end ] --END-- [ RunTime:0.006942s ]

[ 2014-11-23T20:40:34+08:00 ] 127.0.0.1 /install.php?m=index&a=setconf
INFO: [ app_begin ] --START--
INFO: ReadHtmlCache Behavior ::run [ RunTime:0.004368s ]
INFO: [ app_begin ] --END-- [ RunTime:0.004554s ]
INFO: [ view_parse ] --START--
NOTIC: [8] Undefined variable: database_name_tip D:\web\58bigou\install\Runtime\Cache\99a4c0c29e7fe01b54da88607d456887.php 第 43 行.
INFO: ParseTemplate Behavior ::run [ RunTime:0.066267s ]
INFO: [ view_parse ] --END-- [ RunTime:0.066471s ]
INFO: [ view_filter ] --START--
INFO: ContentReplace Behavior ::run [ RunTime:0.004759s ]
INFO: TokenBuild Behavior ::run [ RunTime:0.004467s ]
INFO: WriteHtmlCache Behavior ::run [ RunTime:0.004204s ]
INFO: ShowRuntime Behavior ::run [ RunTime:0.004937s ]
INFO: [ view_filter ] --END-- [ RunTime:0.018852s ]
INFO: [ view_end ] --START--
INFO: ShowPageTrace Behavior ::run [ RunTime:0.004390s ]
INFO: [ view_end ] --END-- [ RunTime:0.004527s ]

[ 2014-11-23T20:40:46+08:00 ] 127.0.0.1 /install.php?m=index&a=setconf
INFO: [ app_begin ] --START--
INFO: ReadHtmlCache Behavior ::run [ RunTime:0.004367s ]
INFO: [ app_begin ] --END-- [ RunTime:0.004547s ]
INFO: [ view_parse ] --START--
NOTIC: [8] Undefined variable: database_name_tip D:\web\58bigou\install\Runtime\Cache\99a4c0c29e7fe01b54da88607d456887.php 第 43 行.
INFO: ParseTemplate Behavior ::run [ RunTime:0.066515s ]
INFO: [ view_parse ] --END-- [ RunTime:0.066739s ]
INFO: [ view_filter ] --START--
INFO: ContentReplace Behavior ::run [ RunTime:0.008187s ]
INFO: TokenBuild Behavior ::run [ RunTime:0.005293s ]
INFO: WriteHtmlCache Behavior ::run [ RunTime:0.004550s ]
INFO: ShowRuntime Behavior ::run [ RunTime:0.004948s ]
INFO: [ view_filter ] --END-- [ RunTime:0.023498s ]
INFO: [ view_end ] --START--
INFO: ShowPageTrace Behavior ::run [ RunTime:0.004689s ]
INFO: [ view_end ] --END-- [ RunTime:0.004832s ]

[ 2014-11-23T20:40:58+08:00 ] 127.0.0.1 /install.php?m=index&a=setconf
INFO: [ app_begin ] --START--
INFO: ReadHtmlCache Behavior ::run [ RunTime:0.004644s ]
INFO: [ app_begin ] --END-- [ RunTime:0.004827s ]
INFO: [ view_parse ] --START--
NOTIC: [8] Undefined variable: database_name_tip D:\web\58bigou\install\Runtime\Cache\99a4c0c29e7fe01b54da88607d456887.php 第 43 行.
INFO: ParseTemplate Behavior ::run [ RunTime:0.079139s ]
INFO: [ view_parse ] --END-- [ RunTime:0.079402s ]
INFO: [ view_filter ] --START--
INFO: ContentReplace Behavior ::run [ RunTime:0.004586s ]
INFO: TokenBuild Behavior ::run [ RunTime:0.004612s ]
INFO: WriteHtmlCache Behavior ::run [ RunTime:0.004557s ]
INFO: ShowRuntime Behavior ::run [ RunTime:0.004471s ]
INFO: [ view_filter ] --END-- [ RunTime:0.018692s ]
INFO: [ view_end ] --START--
INFO: ShowPageTrace Behavior ::run [ RunTime:0.004308s ]
INFO: [ view_end ] --END-- [ RunTime:0.004443s ]

[ 2014-11-23T20:41:09+08:00 ] 127.0.0.1 /install.php?m=index&a=setconf
INFO: [ app_begin ] --START--
INFO: ReadHtmlCache Behavior ::run [ RunTime:0.006315s ]
INFO: [ app_begin ] --END-- [ RunTime:0.006614s ]

[ 2014-11-23T20:41:09+08:00 ] 127.0.0.1 /install.php?m=index&a=install
INFO: [ app_begin ] --START--
INFO: ReadHtmlCache Behavior ::run [ RunTime:0.007308s ]
INFO: [ app_begin ] --END-- [ RunTime:0.007596s ]
INFO: [ view_parse ] --START--
INFO: ParseTemplate Behavior ::run [ RunTime:0.123103s ]
INFO: [ view_parse ] --END-- [ RunTime:0.123349s ]
INFO: [ view_filter ] --START--
INFO: ContentReplace Behavior ::run [ RunTime:0.004673s ]
INFO: TokenBuild Behavior ::run [ RunTime:0.004540s ]
INFO: WriteHtmlCache Behavior ::run [ RunTime:0.004560s ]
INFO: ShowRuntime Behavior ::run [ RunTime:0.004405s ]
INFO: [ view_filter ] --END-- [ RunTime:0.018631s ]
INFO: [ view_end ] --START--
INFO: ShowPageTrace Behavior ::run [ RunTime:0.004318s ]
INFO: [ view_end ] --END-- [ RunTime:0.004454s ]

[ 2014-11-23T20:41:11+08:00 ] 127.0.0.1 /install.php?m=index&a=finish_done
INFO: [ app_begin ] --START--
INFO: ReadHtmlCache Behavior ::run [ RunTime:0.004585s ]
INFO: [ app_begin ] --END-- [ RunTime:0.004776s ]
NOTIC: [8] ob_flush() [<a href='ref.outcontrol'>ref.outcontrol</a>]: failed to flush buffer. No buffer to flush. D:\web\58bigou\install\Lib\Action\indexAction.class.php 第 240 行.
NOTIC: [8] ob_flush() [<a href='ref.outcontrol'>ref.outcontrol</a>]: failed to flush buffer. No buffer to flush. D:\web\58bigou\install\Lib\Action\indexAction.class.php 第 240 行.
NOTIC: [8] ob_flush() [<a href='ref.outcontrol'>ref.outcontrol</a>]: failed to flush buffer. No buffer to flush. D:\web\58bigou\install\Lib\Action\indexAction.class.php 第 240 行.
NOTIC: [8] ob_flush() [<a href='ref.outcontrol'>ref.outcontrol</a>]: failed to flush buffer. No buffer to flush. D:\web\58bigou\install\Lib\Action\indexAction.class.php 第 240 行.
NOTIC: [8] ob_flush() [<a href='ref.outcontrol'>ref.outcontrol</a>]: failed to flush buffer. No buffer to flush. D:\web\58bigou\install\Lib\Action\indexAction.class.php 第 240 行.
NOTIC: [8] ob_flush() [<a href='ref.outcontrol'>ref.outcontrol</a>]: failed to flush buffer. No buffer to flush. D:\web\58bigou\install\Lib\Action\indexAction.class.php 第 240 行.
NOTIC: [8] ob_flush() [<a href='ref.outcontrol'>ref.outcontrol</a>]: failed to flush buffer. No buffer to flush. D:\web\58bigou\install\Lib\Action\indexAction.class.php 第 240 行.
NOTIC: [8] ob_flush() [<a href='ref.outcontrol'>ref.outcontrol</a>]: failed to flush buffer. No buffer to flush. D:\web\58bigou\install\Lib\Action\indexAction.class.php 第 240 行.
NOTIC: [8] ob_flush() [<a href='ref.outcontrol'>ref.outcontrol</a>]: failed to flush buffer. No buffer to flush. D:\web\58bigou\install\Lib\Action\indexAction.class.php 第 240 行.
NOTIC: [8] ob_flush() [<a href='ref.outcontrol'>ref.outcontrol</a>]: failed to flush buffer. No buffer to flush. D:\web\58bigou\install\Lib\Action\indexAction.class.php 第 240 行.
NOTIC: [8] ob_flush() [<a href='ref.outcontrol'>ref.outcontrol</a>]: failed to flush buffer. No buffer to flush. D:\web\58bigou\install\Lib\Action\indexAction.class.php 第 240 行.
NOTIC: [8] ob_flush() [<a href='ref.outcontrol'>ref.outcontrol</a>]: failed to flush buffer. No buffer to flush. D:\web\58bigou\install\Lib\Action\indexAction.class.php 第 240 行.
NOTIC: [8] ob_flush() [<a href='ref.outcontrol'>ref.outcontrol</a>]: failed to flush buffer. No buffer to flush. D:\web\58bigou\install\Lib\Action\indexAction.class.php 第 240 行.
NOTIC: [8] ob_flush() [<a href='ref.outcontrol'>ref.outcontrol</a>]: failed to flush buffer. No buffer to flush. D:\web\58bigou\install\Lib\Action\indexAction.class.php 第 240 行.
NOTIC: [8] ob_flush() [<a href='ref.outcontrol'>ref.outcontrol</a>]: failed to flush buffer. No buffer to flush. D:\web\58bigou\install\Lib\Action\indexAction.class.php 第 240 行.
NOTIC: [8] ob_flush() [<a href='ref.outcontrol'>ref.outcontrol</a>]: failed to flush buffer. No buffer to flush. D:\web\58bigou\install\Lib\Action\indexAction.class.php 第 240 行.
NOTIC: [8] ob_flush() [<a href='ref.outcontrol'>ref.outcontrol</a>]: failed to flush buffer. No buffer to flush. D:\web\58bigou\install\Lib\Action\indexAction.class.php 第 240 行.
NOTIC: [8] ob_flush() [<a href='ref.outcontrol'>ref.outcontrol</a>]: failed to flush buffer. No buffer to flush. D:\web\58bigou\install\Lib\Action\indexAction.class.php 第 240 行.
NOTIC: [8] ob_flush() [<a href='ref.outcontrol'>ref.outcontrol</a>]: failed to flush buffer. No buffer to flush. D:\web\58bigou\install\Lib\Action\indexAction.class.php 第 240 行.
NOTIC: [8] ob_flush() [<a href='ref.outcontrol'>ref.outcontrol</a>]: failed to flush buffer. No buffer to flush. D:\web\58bigou\install\Lib\Action\indexAction.class.php 第 240 行.
NOTIC: [8] ob_flush() [<a href='ref.outcontrol'>ref.outcontrol</a>]: failed to flush buffer. No buffer to flush. D:\web\58bigou\install\Lib\Action\indexAction.class.php 第 240 行.
NOTIC: [8] ob_flush() [<a href='ref.outcontrol'>ref.outcontrol</a>]: failed to flush buffer. No buffer to flush. D:\web\58bigou\install\Lib\Action\indexAction.class.php 第 240 行.
NOTIC: [8] ob_flush() [<a href='ref.outcontrol'>ref.outcontrol</a>]: failed to flush buffer. No buffer to flush. D:\web\58bigou\install\Lib\Action\indexAction.class.php 第 240 行.
NOTIC: [8] ob_flush() [<a href='ref.outcontrol'>ref.outcontrol</a>]: failed to flush buffer. No buffer to flush. D:\web\58bigou\install\Lib\Action\indexAction.class.php 第 240 行.
NOTIC: [8] ob_flush() [<a href='ref.outcontrol'>ref.outcontrol</a>]: failed to flush buffer. No buffer to flush. D:\web\58bigou\install\Lib\Action\indexAction.class.php 第 240 行.
NOTIC: [8] ob_flush() [<a href='ref.outcontrol'>ref.outcontrol</a>]: failed to flush buffer. No buffer to flush. D:\web\58bigou\install\Lib\Action\indexAction.class.php 第 240 行.
NOTIC: [8] ob_flush() [<a href='ref.outcontrol'>ref.outcontrol</a>]: failed to flush buffer. No buffer to flush. D:\web\58bigou\install\Lib\Action\indexAction.class.php 第 240 行.
NOTIC: [8] ob_flush() [<a href='ref.outcontrol'>ref.outcontrol</a>]: failed to flush buffer. No buffer to flush. D:\web\58bigou\install\Lib\Action\indexAction.class.php 第 240 行.
NOTIC: [8] ob_flush() [<a href='ref.outcontrol'>ref.outcontrol</a>]: failed to flush buffer. No buffer to flush. D:\web\58bigou\install\Lib\Action\indexAction.class.php 第 240 行.
NOTIC: [8] ob_flush() [<a href='ref.outcontrol'>ref.outcontrol</a>]: failed to flush buffer. No buffer to flush. D:\web\58bigou\install\Lib\Action\indexAction.class.php 第 240 行.
NOTIC: [8] ob_flush() [<a href='ref.outcontrol'>ref.outcontrol</a>]: failed to flush buffer. No buffer to flush. D:\web\58bigou\install\Lib\Action\indexAction.class.php 第 240 行.
NOTIC: [8] ob_flush() [<a href='ref.outcontrol'>ref.outcontrol</a>]: failed to flush buffer. No buffer to flush. D:\web\58bigou\install\Lib\Action\indexAction.class.php 第 240 行.
NOTIC: [8] ob_flush() [<a href='ref.outcontrol'>ref.outcontrol</a>]: failed to flush buffer. No buffer to flush. D:\web\58bigou\install\Lib\Action\indexAction.class.php 第 240 行.
NOTIC: [8] ob_flush() [<a href='ref.outcontrol'>ref.outcontrol</a>]: failed to flush buffer. No buffer to flush. D:\web\58bigou\install\Lib\Action\indexAction.class.php 第 240 行.
NOTIC: [8] ob_flush() [<a href='ref.outcontrol'>ref.outcontrol</a>]: failed to flush buffer. No buffer to flush. D:\web\58bigou\install\Lib\Action\indexAction.class.php 第 240 行.
NOTIC: [8] ob_flush() [<a href='ref.outcontrol'>ref.outcontrol</a>]: failed to flush buffer. No buffer to flush. D:\web\58bigou\install\Lib\Action\indexAction.class.php 第 240 行.
NOTIC: [8] ob_flush() [<a href='ref.outcontrol'>ref.outcontrol</a>]: failed to flush buffer. No buffer to flush. D:\web\58bigou\install\Lib\Action\indexAction.class.php 第 240 行.
NOTIC: [8] ob_flush() [<a href='ref.outcontrol'>ref.outcontrol</a>]: failed to flush buffer. No buffer to flush. D:\web\58bigou\install\Lib\Action\indexAction.class.php 第 240 行.
NOTIC: [8] ob_flush() [<a href='ref.outcontrol'>ref.outcontrol</a>]: failed to flush buffer. No buffer to flush. D:\web\58bigou\install\Lib\Action\indexAction.class.php 第 240 行.
NOTIC: [8] ob_flush() [<a href='ref.outcontrol'>ref.outcontrol</a>]: failed to flush buffer. No buffer to flush. D:\web\58bigou\install\Lib\Action\indexAction.class.php 第 240 行.
NOTIC: [8] ob_flush() [<a href='ref.outcontrol'>ref.outcontrol</a>]: failed to flush buffer. No buffer to flush. D:\web\58bigou\install\Lib\Action\indexAction.class.php 第 240 行.
NOTIC: [8] ob_flush() [<a href='ref.outcontrol'>ref.outcontrol</a>]: failed to flush buffer. No buffer to flush. D:\web\58bigou\install\Lib\Action\indexAction.class.php 第 240 行.
NOTIC: [8] ob_flush() [<a href='ref.outcontrol'>ref.outcontrol</a>]: failed to flush buffer. No buffer to flush. D:\web\58bigou\install\Lib\Action\indexAction.class.php 第 240 行.
NOTIC: [8] ob_flush() [<a href='ref.outcontrol'>ref.outcontrol</a>]: failed to flush buffer. No buffer to flush. D:\web\58bigou\install\Lib\Action\indexAction.class.php 第 240 行.
NOTIC: [8] ob_flush() [<a href='ref.outcontrol'>ref.outcontrol</a>]: failed to flush buffer. No buffer to flush. D:\web\58bigou\install\Lib\Action\indexAction.class.php 第 240 行.

[ 2014-11-23T20:41:15+08:00 ] 127.0.0.1 /install.php?m=index&a=finish
INFO: [ app_begin ] --START--
INFO: ReadHtmlCache Behavior ::run [ RunTime:0.004621s ]
INFO: [ app_begin ] --END-- [ RunTime:0.004819s ]
INFO: [ view_parse ] --START--
INFO: ParseTemplate Behavior ::run [ RunTime:0.098736s ]
INFO: [ view_parse ] --END-- [ RunTime:0.098986s ]
INFO: [ view_filter ] --START--
INFO: ContentReplace Behavior ::run [ RunTime:0.007042s ]
INFO: TokenBuild Behavior ::run [ RunTime:0.004332s ]
INFO: WriteHtmlCache Behavior ::run [ RunTime:0.004173s ]
INFO: ShowRuntime Behavior ::run [ RunTime:0.004651s ]
INFO: [ view_filter ] --END-- [ RunTime:0.020711s ]
INFO: [ view_end ] --START--
INFO: ShowPageTrace Behavior ::run [ RunTime:0.007328s ]
INFO: [ view_end ] --END-- [ RunTime:0.007590s ]

